[0.780s] Invoking command in '/home/ivan/AdR/p2_ws/src/p2_kf_adr': PYTHONPATH=/home/ivan/AdR/p2_ws/src/p2_kf_adr/build/p2_kf_adr/prefix_override:/usr/lib/python3/dist-packages/colcon_core/task/python/colcon_distutils_commands:/home/ivan/AdR/p2_ws/src/p2_kf_adr/install/p2_kf_adr/lib/python3.10/site-packages:${PYTHONPATH} /usr/bin/python3 -W ignore:setup.py install is deprecated -W ignore:easy_install command is deprecated setup.py egg_info --egg-base build/p2_kf_adr build --build-base /home/ivan/AdR/p2_ws/src/p2_kf_adr/build/p2_kf_adr/build install --record /home/ivan/AdR/p2_ws/src/p2_kf_adr/build/p2_kf_adr/install.log --single-version-externally-managed install_data
[1.046s] running egg_info
[1.047s] writing build/p2_kf_adr/p2_kf_adr.egg-info/PKG-INFO
[1.047s] writing dependency_links to build/p2_kf_adr/p2_kf_adr.egg-info/dependency_links.txt
[1.047s] writing entry points to build/p2_kf_adr/p2_kf_adr.egg-info/entry_points.txt
[1.047s] writing requirements to build/p2_kf_adr/p2_kf_adr.egg-info/requires.txt
[1.048s] writing top-level names to build/p2_kf_adr/p2_kf_adr.egg-info/top_level.txt
[1.052s] reading manifest file 'build/p2_kf_adr/p2_kf_adr.egg-info/SOURCES.txt'
[1.053s] writing manifest file 'build/p2_kf_adr/p2_kf_adr.egg-info/SOURCES.txt'
[1.054s] running build
[1.054s] running build_py
[1.054s] copying p2_kf_adr/filters/kalman_filter.py -> /home/ivan/AdR/p2_ws/src/p2_kf_adr/build/p2_kf_adr/build/lib/p2_kf_adr/filters
[1.055s] running install
[1.056s] running install_lib
[1.057s] copying /home/ivan/AdR/p2_ws/src/p2_kf_adr/build/p2_kf_adr/build/lib/p2_kf_adr/filters/kalman_filter.py -> /home/ivan/AdR/p2_ws/src/p2_kf_adr/install/p2_kf_adr/lib/python3.10/site-packages/p2_kf_adr/filters
[1.057s] byte-compiling /home/ivan/AdR/p2_ws/src/p2_kf_adr/install/p2_kf_adr/lib/python3.10/site-packages/p2_kf_adr/filters/kalman_filter.py to kalman_filter.cpython-310.pyc
[1.059s] running install_data
[1.059s] running install_egg_info
[1.062s] removing '/home/ivan/AdR/p2_ws/src/p2_kf_adr/install/p2_kf_adr/lib/python3.10/site-packages/p2_kf_adr-0.0.0-py3.10.egg-info' (and everything under it)
[1.062s] Copying build/p2_kf_adr/p2_kf_adr.egg-info to /home/ivan/AdR/p2_ws/src/p2_kf_adr/install/p2_kf_adr/lib/python3.10/site-packages/p2_kf_adr-0.0.0-py3.10.egg-info
[1.063s] running install_scripts
[1.086s] Installing kf_estimation script to /home/ivan/AdR/p2_ws/src/p2_kf_adr/install/p2_kf_adr/lib/p2_kf_adr
[1.086s] Installing kf_estimation_vel script to /home/ivan/AdR/p2_ws/src/p2_kf_adr/install/p2_kf_adr/lib/p2_kf_adr
[1.087s] writing list of installed files to '/home/ivan/AdR/p2_ws/src/p2_kf_adr/build/p2_kf_adr/install.log'
[1.164s] Invoked command in '/home/ivan/AdR/p2_ws/src/p2_kf_adr' returned '0': PYTHONPATH=/home/ivan/AdR/p2_ws/src/p2_kf_adr/build/p2_kf_adr/prefix_override:/usr/lib/python3/dist-packages/colcon_core/task/python/colcon_distutils_commands:/home/ivan/AdR/p2_ws/src/p2_kf_adr/install/p2_kf_adr/lib/python3.10/site-packages:${PYTHONPATH} /usr/bin/python3 -W ignore:setup.py install is deprecated -W ignore:easy_install command is deprecated setup.py egg_info --egg-base build/p2_kf_adr build --build-base /home/ivan/AdR/p2_ws/src/p2_kf_adr/build/p2_kf_adr/build install --record /home/ivan/AdR/p2_ws/src/p2_kf_adr/build/p2_kf_adr/install.log --single-version-externally-managed install_data
