[0.841s] Invoking command in '/home/ivan/AdR/p2_ws/src/p2_kf_adr': PYTHONPATH=/home/ivan/AdR/p2_ws/src/p2_kf_adr/build/p2_kf_adr/prefix_override:/usr/lib/python3/dist-packages/colcon_core/task/python/colcon_distutils_commands:/home/ivan/AdR/p2_ws/src/p2_kf_adr/install/p2_kf_adr/lib/python3.10/site-packages:${PYTHONPATH} /usr/bin/python3 -W ignore:setup.py install is deprecated -W ignore:easy_install command is deprecated setup.py egg_info --egg-base build/p2_kf_adr build --build-base /home/ivan/AdR/p2_ws/src/p2_kf_adr/build/p2_kf_adr/build install --record /home/ivan/AdR/p2_ws/src/p2_kf_adr/build/p2_kf_adr/install.log --single-version-externally-managed install_data
[1.106s] running egg_info
[1.108s] writing build/p2_kf_adr/p2_kf_adr.egg-info/PKG-INFO
[1.108s] writing dependency_links to build/p2_kf_adr/p2_kf_adr.egg-info/dependency_links.txt
[1.108s] writing entry points to build/p2_kf_adr/p2_kf_adr.egg-info/entry_points.txt
[1.108s] writing requirements to build/p2_kf_adr/p2_kf_adr.egg-info/requires.txt
[1.108s] writing top-level names to build/p2_kf_adr/p2_kf_adr.egg-info/top_level.txt
[1.114s] reading manifest file 'build/p2_kf_adr/p2_kf_adr.egg-info/SOURCES.txt'
[1.115s] writing manifest file 'build/p2_kf_adr/p2_kf_adr.egg-info/SOURCES.txt'
[1.115s] running build
[1.115s] running build_py
[1.115s] copying p2_kf_adr/kf_estimation.py -> /home/ivan/AdR/p2_ws/src/p2_kf_adr/build/p2_kf_adr/build/lib/p2_kf_adr
[1.116s] running install
[1.116s] running install_lib
[1.118s] copying /home/ivan/AdR/p2_ws/src/p2_kf_adr/build/p2_kf_adr/build/lib/p2_kf_adr/kf_estimation.py -> /home/ivan/AdR/p2_ws/src/p2_kf_adr/install/p2_kf_adr/lib/python3.10/site-packages/p2_kf_adr
[1.119s] byte-compiling /home/ivan/AdR/p2_ws/src/p2_kf_adr/install/p2_kf_adr/lib/python3.10/site-packages/p2_kf_adr/kf_estimation.py to kf_estimation.cpython-310.pyc
[1.120s] running install_data
[1.120s] running install_egg_info
[1.123s] removing '/home/ivan/AdR/p2_ws/src/p2_kf_adr/install/p2_kf_adr/lib/python3.10/site-packages/p2_kf_adr-0.0.0-py3.10.egg-info' (and everything under it)
[1.123s] Copying build/p2_kf_adr/p2_kf_adr.egg-info to /home/ivan/AdR/p2_ws/src/p2_kf_adr/install/p2_kf_adr/lib/python3.10/site-packages/p2_kf_adr-0.0.0-py3.10.egg-info
[1.124s] running install_scripts
[1.152s] Installing kf_estimation script to /home/ivan/AdR/p2_ws/src/p2_kf_adr/install/p2_kf_adr/lib/p2_kf_adr
[1.152s] Installing kf_estimation_vel script to /home/ivan/AdR/p2_ws/src/p2_kf_adr/install/p2_kf_adr/lib/p2_kf_adr
[1.152s] writing list of installed files to '/home/ivan/AdR/p2_ws/src/p2_kf_adr/build/p2_kf_adr/install.log'
[1.242s] Invoked command in '/home/ivan/AdR/p2_ws/src/p2_kf_adr' returned '0': PYTHONPATH=/home/ivan/AdR/p2_ws/src/p2_kf_adr/build/p2_kf_adr/prefix_override:/usr/lib/python3/dist-packages/colcon_core/task/python/colcon_distutils_commands:/home/ivan/AdR/p2_ws/src/p2_kf_adr/install/p2_kf_adr/lib/python3.10/site-packages:${PYTHONPATH} /usr/bin/python3 -W ignore:setup.py install is deprecated -W ignore:easy_install command is deprecated setup.py egg_info --egg-base build/p2_kf_adr build --build-base /home/ivan/AdR/p2_ws/src/p2_kf_adr/build/p2_kf_adr/build install --record /home/ivan/AdR/p2_ws/src/p2_kf_adr/build/p2_kf_adr/install.log --single-version-externally-managed install_data
