[0.869s] Invoking command in '/home/ivan/AdR/p2_ws/src/p2_kf_adr': PYTHONPATH=/home/ivan/AdR/p2_ws/src/p2_kf_adr/build/p2_kf_adr/prefix_override:/usr/lib/python3/dist-packages/colcon_core/task/python/colcon_distutils_commands:/home/ivan/AdR/p2_ws/src/p2_kf_adr/install/p2_kf_adr/lib/python3.10/site-packages:${PYTHONPATH} /usr/bin/python3 -W ignore:setup.py install is deprecated -W ignore:easy_install command is deprecated setup.py egg_info --egg-base build/p2_kf_adr build --build-base /home/ivan/AdR/p2_ws/src/p2_kf_adr/build/p2_kf_adr/build install --record /home/ivan/AdR/p2_ws/src/p2_kf_adr/build/p2_kf_adr/install.log --single-version-externally-managed install_data
[1.145s] running egg_info
[1.147s] writing build/p2_kf_adr/p2_kf_adr.egg-info/PKG-INFO
[1.147s] writing dependency_links to build/p2_kf_adr/p2_kf_adr.egg-info/dependency_links.txt
[1.147s] writing entry points to build/p2_kf_adr/p2_kf_adr.egg-info/entry_points.txt
[1.147s] writing requirements to build/p2_kf_adr/p2_kf_adr.egg-info/requires.txt
[1.147s] writing top-level names to build/p2_kf_adr/p2_kf_adr.egg-info/top_level.txt
[1.153s] reading manifest file 'build/p2_kf_adr/p2_kf_adr.egg-info/SOURCES.txt'
[1.154s] writing manifest file 'build/p2_kf_adr/p2_kf_adr.egg-info/SOURCES.txt'
[1.154s] running build
[1.154s] running build_py
[1.155s] running install
[1.156s] running install_lib
[1.158s] running install_data
[1.158s] running install_egg_info
[1.159s] removing '/home/ivan/AdR/p2_ws/src/p2_kf_adr/install/p2_kf_adr/lib/python3.10/site-packages/p2_kf_adr-0.0.0-py3.10.egg-info' (and everything under it)
[1.160s] Copying build/p2_kf_adr/p2_kf_adr.egg-info to /home/ivan/AdR/p2_ws/src/p2_kf_adr/install/p2_kf_adr/lib/python3.10/site-packages/p2_kf_adr-0.0.0-py3.10.egg-info
[1.161s] running install_scripts
[1.190s] Installing kf_estimation script to /home/ivan/AdR/p2_ws/src/p2_kf_adr/install/p2_kf_adr/lib/p2_kf_adr
[1.190s] Installing kf_estimation_vel script to /home/ivan/AdR/p2_ws/src/p2_kf_adr/install/p2_kf_adr/lib/p2_kf_adr
[1.191s] writing list of installed files to '/home/ivan/AdR/p2_ws/src/p2_kf_adr/build/p2_kf_adr/install.log'
[1.281s] Invoked command in '/home/ivan/AdR/p2_ws/src/p2_kf_adr' returned '0': PYTHONPATH=/home/ivan/AdR/p2_ws/src/p2_kf_adr/build/p2_kf_adr/prefix_override:/usr/lib/python3/dist-packages/colcon_core/task/python/colcon_distutils_commands:/home/ivan/AdR/p2_ws/src/p2_kf_adr/install/p2_kf_adr/lib/python3.10/site-packages:${PYTHONPATH} /usr/bin/python3 -W ignore:setup.py install is deprecated -W ignore:easy_install command is deprecated setup.py egg_info --egg-base build/p2_kf_adr build --build-base /home/ivan/AdR/p2_ws/src/p2_kf_adr/build/p2_kf_adr/build install --record /home/ivan/AdR/p2_ws/src/p2_kf_adr/build/p2_kf_adr/install.log --single-version-externally-managed install_data
