[0.890s] Invoking command in '/home/ivan/AdR/p2_ws/src/p2_kf_adr': PYTHONPATH=/home/ivan/AdR/p2_ws/src/p2_kf_adr/build/p2_kf_adr/prefix_override:/usr/lib/python3/dist-packages/colcon_core/task/python/colcon_distutils_commands:/home/ivan/AdR/p2_ws/src/p2_kf_adr/install/p2_kf_adr/lib/python3.10/site-packages:${PYTHONPATH} /usr/bin/python3 -W ignore:setup.py install is deprecated -W ignore:easy_install command is deprecated setup.py egg_info --egg-base build/p2_kf_adr build --build-base /home/ivan/AdR/p2_ws/src/p2_kf_adr/build/p2_kf_adr/build install --record /home/ivan/AdR/p2_ws/src/p2_kf_adr/build/p2_kf_adr/install.log --single-version-externally-managed install_data
[1.152s] running egg_info
[1.153s] creating build/p2_kf_adr/p2_kf_adr.egg-info
[1.153s] writing build/p2_kf_adr/p2_kf_adr.egg-info/PKG-INFO
[1.154s] writing dependency_links to build/p2_kf_adr/p2_kf_adr.egg-info/dependency_links.txt
[1.154s] writing entry points to build/p2_kf_adr/p2_kf_adr.egg-info/entry_points.txt
[1.154s] writing requirements to build/p2_kf_adr/p2_kf_adr.egg-info/requires.txt
[1.155s] writing top-level names to build/p2_kf_adr/p2_kf_adr.egg-info/top_level.txt
[1.155s] writing manifest file 'build/p2_kf_adr/p2_kf_adr.egg-info/SOURCES.txt'
[1.162s] reading manifest file 'build/p2_kf_adr/p2_kf_adr.egg-info/SOURCES.txt'
[1.162s] writing manifest file 'build/p2_kf_adr/p2_kf_adr.egg-info/SOURCES.txt'
[1.163s] running build
[1.163s] running build_py
[1.163s] creating /home/ivan/AdR/p2_ws/src/p2_kf_adr/build/p2_kf_adr/build
[1.163s] creating /home/ivan/AdR/p2_ws/src/p2_kf_adr/build/p2_kf_adr/build/lib
[1.163s] creating /home/ivan/AdR/p2_ws/src/p2_kf_adr/build/p2_kf_adr/build/lib/p2_kf_adr
[1.163s] copying p2_kf_adr/kf_estimation_vel.py -> /home/ivan/AdR/p2_ws/src/p2_kf_adr/build/p2_kf_adr/build/lib/p2_kf_adr
[1.163s] copying p2_kf_adr/kf_estimation.py -> /home/ivan/AdR/p2_ws/src/p2_kf_adr/build/p2_kf_adr/build/lib/p2_kf_adr
[1.163s] copying p2_kf_adr/sensor_utils.py -> /home/ivan/AdR/p2_ws/src/p2_kf_adr/build/p2_kf_adr/build/lib/p2_kf_adr
[1.163s] copying p2_kf_adr/motion_models.py -> /home/ivan/AdR/p2_ws/src/p2_kf_adr/build/p2_kf_adr/build/lib/p2_kf_adr
[1.163s] copying p2_kf_adr/__init__.py -> /home/ivan/AdR/p2_ws/src/p2_kf_adr/build/p2_kf_adr/build/lib/p2_kf_adr
[1.163s] copying p2_kf_adr/visualization.py -> /home/ivan/AdR/p2_ws/src/p2_kf_adr/build/p2_kf_adr/build/lib/p2_kf_adr
[1.164s] copying p2_kf_adr/observation_models.py -> /home/ivan/AdR/p2_ws/src/p2_kf_adr/build/p2_kf_adr/build/lib/p2_kf_adr
[1.164s] creating /home/ivan/AdR/p2_ws/src/p2_kf_adr/build/p2_kf_adr/build/lib/p2_kf_adr/filters
[1.164s] copying p2_kf_adr/filters/__init__.py -> /home/ivan/AdR/p2_ws/src/p2_kf_adr/build/p2_kf_adr/build/lib/p2_kf_adr/filters
[1.164s] copying p2_kf_adr/filters/kalman_filter.py -> /home/ivan/AdR/p2_ws/src/p2_kf_adr/build/p2_kf_adr/build/lib/p2_kf_adr/filters
[1.164s] running install
[1.165s] running install_lib
[1.166s] creating /home/ivan/AdR/p2_ws/src/p2_kf_adr/install/p2_kf_adr/lib/python3.10/site-packages/p2_kf_adr
[1.167s] copying /home/ivan/AdR/p2_ws/src/p2_kf_adr/build/p2_kf_adr/build/lib/p2_kf_adr/kf_estimation_vel.py -> /home/ivan/AdR/p2_ws/src/p2_kf_adr/install/p2_kf_adr/lib/python3.10/site-packages/p2_kf_adr
[1.167s] creating /home/ivan/AdR/p2_ws/src/p2_kf_adr/install/p2_kf_adr/lib/python3.10/site-packages/p2_kf_adr/filters
[1.167s] copying /home/ivan/AdR/p2_ws/src/p2_kf_adr/build/p2_kf_adr/build/lib/p2_kf_adr/filters/__init__.py -> /home/ivan/AdR/p2_ws/src/p2_kf_adr/install/p2_kf_adr/lib/python3.10/site-packages/p2_kf_adr/filters
[1.167s] copying /home/ivan/AdR/p2_ws/src/p2_kf_adr/build/p2_kf_adr/build/lib/p2_kf_adr/filters/kalman_filter.py -> /home/ivan/AdR/p2_ws/src/p2_kf_adr/install/p2_kf_adr/lib/python3.10/site-packages/p2_kf_adr/filters
[1.167s] copying /home/ivan/AdR/p2_ws/src/p2_kf_adr/build/p2_kf_adr/build/lib/p2_kf_adr/kf_estimation.py -> /home/ivan/AdR/p2_ws/src/p2_kf_adr/install/p2_kf_adr/lib/python3.10/site-packages/p2_kf_adr
[1.167s] copying /home/ivan/AdR/p2_ws/src/p2_kf_adr/build/p2_kf_adr/build/lib/p2_kf_adr/sensor_utils.py -> /home/ivan/AdR/p2_ws/src/p2_kf_adr/install/p2_kf_adr/lib/python3.10/site-packages/p2_kf_adr
[1.167s] copying /home/ivan/AdR/p2_ws/src/p2_kf_adr/build/p2_kf_adr/build/lib/p2_kf_adr/motion_models.py -> /home/ivan/AdR/p2_ws/src/p2_kf_adr/install/p2_kf_adr/lib/python3.10/site-packages/p2_kf_adr
[1.167s] copying /home/ivan/AdR/p2_ws/src/p2_kf_adr/build/p2_kf_adr/build/lib/p2_kf_adr/__init__.py -> /home/ivan/AdR/p2_ws/src/p2_kf_adr/install/p2_kf_adr/lib/python3.10/site-packages/p2_kf_adr
[1.167s] copying /home/ivan/AdR/p2_ws/src/p2_kf_adr/build/p2_kf_adr/build/lib/p2_kf_adr/visualization.py -> /home/ivan/AdR/p2_ws/src/p2_kf_adr/install/p2_kf_adr/lib/python3.10/site-packages/p2_kf_adr
[1.167s] copying /home/ivan/AdR/p2_ws/src/p2_kf_adr/build/p2_kf_adr/build/lib/p2_kf_adr/observation_models.py -> /home/ivan/AdR/p2_ws/src/p2_kf_adr/install/p2_kf_adr/lib/python3.10/site-packages/p2_kf_adr
[1.169s] byte-compiling /home/ivan/AdR/p2_ws/src/p2_kf_adr/install/p2_kf_adr/lib/python3.10/site-packages/p2_kf_adr/kf_estimation_vel.py to kf_estimation_vel.cpython-310.pyc
[1.169s] byte-compiling /home/ivan/AdR/p2_ws/src/p2_kf_adr/install/p2_kf_adr/lib/python3.10/site-packages/p2_kf_adr/filters/__init__.py to __init__.cpython-310.pyc
[1.169s] byte-compiling /home/ivan/AdR/p2_ws/src/p2_kf_adr/install/p2_kf_adr/lib/python3.10/site-packages/p2_kf_adr/filters/kalman_filter.py to kalman_filter.cpython-310.pyc
[1.170s] byte-compiling /home/ivan/AdR/p2_ws/src/p2_kf_adr/install/p2_kf_adr/lib/python3.10/site-packages/p2_kf_adr/kf_estimation.py to kf_estimation.cpython-310.pyc
[1.171s] byte-compiling /home/ivan/AdR/p2_ws/src/p2_kf_adr/install/p2_kf_adr/lib/python3.10/site-packages/p2_kf_adr/sensor_utils.py to sensor_utils.cpython-310.pyc
[1.172s] byte-compiling /home/ivan/AdR/p2_ws/src/p2_kf_adr/install/p2_kf_adr/lib/python3.10/site-packages/p2_kf_adr/motion_models.py to motion_models.cpython-310.pyc
[1.172s] byte-compiling /home/ivan/AdR/p2_ws/src/p2_kf_adr/install/p2_kf_adr/lib/python3.10/site-packages/p2_kf_adr/__init__.py to __init__.cpython-310.pyc
[1.172s] byte-compiling /home/ivan/AdR/p2_ws/src/p2_kf_adr/install/p2_kf_adr/lib/python3.10/site-packages/p2_kf_adr/visualization.py to visualization.cpython-310.pyc
[1.173s] byte-compiling /home/ivan/AdR/p2_ws/src/p2_kf_adr/install/p2_kf_adr/lib/python3.10/site-packages/p2_kf_adr/observation_models.py to observation_models.cpython-310.pyc
[1.173s] running install_data
[1.173s] creating /home/ivan/AdR/p2_ws/src/p2_kf_adr/install/p2_kf_adr/share/ament_index
[1.174s] creating /home/ivan/AdR/p2_ws/src/p2_kf_adr/install/p2_kf_adr/share/ament_index/resource_index
[1.174s] creating /home/ivan/AdR/p2_ws/src/p2_kf_adr/install/p2_kf_adr/share/ament_index/resource_index/packages
[1.174s] copying resource/p2_kf_adr -> /home/ivan/AdR/p2_ws/src/p2_kf_adr/install/p2_kf_adr/share/ament_index/resource_index/packages
[1.174s] copying package.xml -> /home/ivan/AdR/p2_ws/src/p2_kf_adr/install/p2_kf_adr/share/p2_kf_adr
[1.174s] running install_egg_info
[1.176s] Copying build/p2_kf_adr/p2_kf_adr.egg-info to /home/ivan/AdR/p2_ws/src/p2_kf_adr/install/p2_kf_adr/lib/python3.10/site-packages/p2_kf_adr-0.0.0-py3.10.egg-info
[1.177s] running install_scripts
[1.204s] Installing kf_estimation script to /home/ivan/AdR/p2_ws/src/p2_kf_adr/install/p2_kf_adr/lib/p2_kf_adr
[1.205s] Installing kf_estimation_vel script to /home/ivan/AdR/p2_ws/src/p2_kf_adr/install/p2_kf_adr/lib/p2_kf_adr
[1.205s] writing list of installed files to '/home/ivan/AdR/p2_ws/src/p2_kf_adr/build/p2_kf_adr/install.log'
[1.285s] Invoked command in '/home/ivan/AdR/p2_ws/src/p2_kf_adr' returned '0': PYTHONPATH=/home/ivan/AdR/p2_ws/src/p2_kf_adr/build/p2_kf_adr/prefix_override:/usr/lib/python3/dist-packages/colcon_core/task/python/colcon_distutils_commands:/home/ivan/AdR/p2_ws/src/p2_kf_adr/install/p2_kf_adr/lib/python3.10/site-packages:${PYTHONPATH} /usr/bin/python3 -W ignore:setup.py install is deprecated -W ignore:easy_install command is deprecated setup.py egg_info --egg-base build/p2_kf_adr build --build-base /home/ivan/AdR/p2_ws/src/p2_kf_adr/build/p2_kf_adr/build install --record /home/ivan/AdR/p2_ws/src/p2_kf_adr/build/p2_kf_adr/install.log --single-version-externally-managed install_data
