[0.125s] DEBUG:colcon:Command line arguments: ['/usr/bin/colcon', 'build']
[0.125s] DEBUG:colcon:Parsed command line arguments: Namespace(log_base=None, log_level=None, verb_name='build', build_base='build', install_base='install', merge_install=False, symlink_install=False, test_result_base=None, continue_on_error=False, executor='parallel', parallel_workers=16, event_handlers=None, ignore_user_meta=False, metas=['./colcon.meta'], base_paths=['.'], packages_ignore=None, packages_ignore_regex=None, paths=None, packages_up_to=None, packages_up_to_regex=None, packages_above=None, packages_above_and_dependencies=None, packages_above_depth=None, packages_select_by_dep=None, packages_skip_by_dep=None, packages_skip_up_to=None, packages_select_build_failed=False, packages_skip_build_finished=False, packages_select_test_failures=False, packages_skip_test_passed=False, packages_select=None, packages_skip=None, packages_select_regex=None, packages_skip_regex=None, packages_start=None, packages_end=None, allow_overriding=[], cmake_args=None, cmake_target=None, cmake_target_skip_unavailable=False, cmake_clean_cache=False, cmake_clean_first=False, cmake_force_configure=False, ament_cmake_args=None, catkin_cmake_args=None, catkin_skip_building_tests=False, mixin_files=None, mixin=None, verb_parser=<colcon_mixin.mixin.mixin_argument.MixinArgumentDecorator object at 0x7676fd02e650>, verb_extension=<colcon_core.verb.build.BuildVerb object at 0x7676fd1575e0>, main=<bound method BuildVerb.main of <colcon_core.verb.build.BuildVerb object at 0x7676fd1575e0>>, mixin_verb=('build',))
[0.301s] Level 1:colcon.colcon_core.package_discovery:discover_packages(colcon_meta) check parameters
[0.302s] Level 1:colcon.colcon_core.package_discovery:discover_packages(recursive) check parameters
[0.302s] Level 1:colcon.colcon_core.package_discovery:discover_packages(ignore) check parameters
[0.302s] Level 1:colcon.colcon_core.package_discovery:discover_packages(path) check parameters
[0.302s] Level 1:colcon.colcon_core.package_discovery:discover_packages(colcon_meta) discover
[0.302s] Level 1:colcon.colcon_core.package_discovery:discover_packages(recursive) discover
[0.302s] INFO:colcon.colcon_core.package_discovery:Crawling recursively for packages in '/home/ivan/AdR/p2_ws/src/p2_kf_adr'
[0.302s] Level 1:colcon.colcon_core.package_identification:_identify(.) by extensions ['ignore', 'ignore_ament_install']
[0.302s] Level 1:colcon.colcon_core.package_identification:_identify(.) by extension 'ignore'
[0.302s] Level 1:colcon.colcon_core.package_identification:_identify(.) by extension 'ignore_ament_install'
[0.302s] Level 1:colcon.colcon_core.package_identification:_identify(.) by extensions ['colcon_pkg']
[0.302s] Level 1:colcon.colcon_core.package_identification:_identify(.) by extension 'colcon_pkg'
[0.302s] Level 1:colcon.colcon_core.package_identification:_identify(.) by extensions ['colcon_meta']
[0.302s] Level 1:colcon.colcon_core.package_identification:_identify(.) by extension 'colcon_meta'
[0.302s] Level 1:colcon.colcon_core.package_identification:_identify(.) by extensions ['ros']
[0.302s] Level 1:colcon.colcon_core.package_identification:_identify(.) by extension 'ros'
[0.317s] DEBUG:colcon.colcon_core.package_identification:Package '.' with type 'ros.ament_python' and name 'p2_kf_adr'
[0.317s] Level 1:colcon.colcon_core.package_discovery:discover_packages(recursive) using defaults
[0.318s] Level 1:colcon.colcon_core.package_discovery:discover_packages(ignore) discover
[0.318s] Level 1:colcon.colcon_core.package_discovery:discover_packages(ignore) using defaults
[0.318s] Level 1:colcon.colcon_core.package_discovery:discover_packages(path) discover
[0.318s] Level 1:colcon.colcon_core.package_discovery:discover_packages(path) using defaults
[0.377s] Level 1:colcon.colcon_core.package_discovery:discover_packages(prefix_path) check parameters
[0.377s] Level 1:colcon.colcon_core.package_discovery:discover_packages(prefix_path) discover
[0.380s] DEBUG:colcon.colcon_installed_package_information.package_discovery:Found 392 installed packages in /opt/ros/humble
[0.381s] Level 1:colcon.colcon_core.package_discovery:discover_packages(prefix_path) using defaults
[0.430s] Level 5:colcon.colcon_core.verb:set package 'p2_kf_adr' build argument 'cmake_args' from command line to 'None'
[0.430s] Level 5:colcon.colcon_core.verb:set package 'p2_kf_adr' build argument 'cmake_target' from command line to 'None'
[0.430s] Level 5:colcon.colcon_core.verb:set package 'p2_kf_adr' build argument 'cmake_target_skip_unavailable' from command line to 'False'
[0.430s] Level 5:colcon.colcon_core.verb:set package 'p2_kf_adr' build argument 'cmake_clean_cache' from command line to 'False'
[0.430s] Level 5:colcon.colcon_core.verb:set package 'p2_kf_adr' build argument 'cmake_clean_first' from command line to 'False'
[0.430s] Level 5:colcon.colcon_core.verb:set package 'p2_kf_adr' build argument 'cmake_force_configure' from command line to 'False'
[0.430s] Level 5:colcon.colcon_core.verb:set package 'p2_kf_adr' build argument 'ament_cmake_args' from command line to 'None'
[0.430s] Level 5:colcon.colcon_core.verb:set package 'p2_kf_adr' build argument 'catkin_cmake_args' from command line to 'None'
[0.430s] Level 5:colcon.colcon_core.verb:set package 'p2_kf_adr' build argument 'catkin_skip_building_tests' from command line to 'False'
[0.430s] DEBUG:colcon.colcon_core.verb:Building package 'p2_kf_adr' with the following arguments: {'ament_cmake_args': None, 'build_base': '/home/ivan/AdR/p2_ws/src/p2_kf_adr/build/p2_kf_adr', 'catkin_cmake_args': None, 'catkin_skip_building_tests': False, 'cmake_args': None, 'cmake_clean_cache': False, 'cmake_clean_first': False, 'cmake_force_configure': False, 'cmake_target': None, 'cmake_target_skip_unavailable': False, 'install_base': '/home/ivan/AdR/p2_ws/src/p2_kf_adr/install/p2_kf_adr', 'merge_install': False, 'path': '/home/ivan/AdR/p2_ws/src/p2_kf_adr', 'symlink_install': False, 'test_result_base': None}
[0.431s] INFO:colcon.colcon_core.executor:Executing jobs using 'parallel' executor
[0.433s] DEBUG:colcon.colcon_parallel_executor.executor.parallel:run_until_complete
[0.433s] INFO:colcon.colcon_ros.task.ament_python.build:Building ROS package in '/home/ivan/AdR/p2_ws/src/p2_kf_adr' with build type 'ament_python'
[0.433s] Level 1:colcon.colcon_core.shell:create_environment_hook('p2_kf_adr', 'ament_prefix_path')
[0.435s] INFO:colcon.colcon_core.plugin_system:Skipping extension 'colcon_core.shell.bat': Not used on non-Windows systems
[0.435s] INFO:colcon.colcon_core.shell:Creating environment hook '/home/ivan/AdR/p2_ws/src/p2_kf_adr/install/p2_kf_adr/share/p2_kf_adr/hook/ament_prefix_path.ps1'
[0.436s] INFO:colcon.colcon_core.shell:Creating environment descriptor '/home/ivan/AdR/p2_ws/src/p2_kf_adr/install/p2_kf_adr/share/p2_kf_adr/hook/ament_prefix_path.dsv'
[0.437s] INFO:colcon.colcon_core.shell:Creating environment hook '/home/ivan/AdR/p2_ws/src/p2_kf_adr/install/p2_kf_adr/share/p2_kf_adr/hook/ament_prefix_path.sh'
[0.438s] INFO:colcon.colcon_core.shell:Skip shell extension 'powershell' for command environment: Not usable outside of PowerShell
[0.438s] DEBUG:colcon.colcon_core.shell:Skip shell extension 'dsv' for command environment
[0.781s] INFO:colcon.colcon_core.task.python.build:Building Python package in '/home/ivan/AdR/p2_ws/src/p2_kf_adr'
[0.782s] INFO:colcon.colcon_core.shell:Skip shell extension 'powershell' for command environment: Not usable outside of PowerShell
[0.782s] DEBUG:colcon.colcon_core.shell:Skip shell extension 'dsv' for command environment
[1.286s] DEBUG:colcon.colcon_core.event_handler.log_command:Invoking command in '/home/ivan/AdR/p2_ws/src/p2_kf_adr': PYTHONPATH=/home/ivan/AdR/p2_ws/src/p2_kf_adr/build/p2_kf_adr/prefix_override:/usr/lib/python3/dist-packages/colcon_core/task/python/colcon_distutils_commands:/home/ivan/AdR/p2_ws/src/p2_kf_adr/install/p2_kf_adr/lib/python3.10/site-packages:${PYTHONPATH} /usr/bin/python3 -W ignore:setup.py install is deprecated -W ignore:easy_install command is deprecated setup.py egg_info --egg-base build/p2_kf_adr build --build-base /home/ivan/AdR/p2_ws/src/p2_kf_adr/build/p2_kf_adr/build install --record /home/ivan/AdR/p2_ws/src/p2_kf_adr/build/p2_kf_adr/install.log --single-version-externally-managed install_data
[1.647s] DEBUG:colcon.colcon_core.event_handler.log_command:Invoked command in '/home/ivan/AdR/p2_ws/src/p2_kf_adr' returned '0': PYTHONPATH=/home/ivan/AdR/p2_ws/src/p2_kf_adr/build/p2_kf_adr/prefix_override:/usr/lib/python3/dist-packages/colcon_core/task/python/colcon_distutils_commands:/home/ivan/AdR/p2_ws/src/p2_kf_adr/install/p2_kf_adr/lib/python3.10/site-packages:${PYTHONPATH} /usr/bin/python3 -W ignore:setup.py install is deprecated -W ignore:easy_install command is deprecated setup.py egg_info --egg-base build/p2_kf_adr build --build-base /home/ivan/AdR/p2_ws/src/p2_kf_adr/build/p2_kf_adr/build install --record /home/ivan/AdR/p2_ws/src/p2_kf_adr/build/p2_kf_adr/install.log --single-version-externally-managed install_data
[1.649s] Level 1:colcon.colcon_core.environment:checking '/home/ivan/AdR/p2_ws/src/p2_kf_adr/install/p2_kf_adr' for CMake module files
[1.650s] Level 1:colcon.colcon_core.environment:checking '/home/ivan/AdR/p2_ws/src/p2_kf_adr/install/p2_kf_adr' for CMake config files
[1.651s] Level 1:colcon.colcon_core.environment:checking '/home/ivan/AdR/p2_ws/src/p2_kf_adr/install/p2_kf_adr/lib'
[1.651s] Level 1:colcon.colcon_core.environment:checking '/home/ivan/AdR/p2_ws/src/p2_kf_adr/install/p2_kf_adr/bin'
[1.651s] Level 1:colcon.colcon_core.environment:checking '/home/ivan/AdR/p2_ws/src/p2_kf_adr/install/p2_kf_adr/lib/pkgconfig/p2_kf_adr.pc'
[1.651s] Level 1:colcon.colcon_core.environment:checking '/home/ivan/AdR/p2_ws/src/p2_kf_adr/install/p2_kf_adr/lib/python3.10/site-packages'
[1.652s] Level 1:colcon.colcon_core.shell:create_environment_hook('p2_kf_adr', 'pythonpath')
[1.652s] INFO:colcon.colcon_core.shell:Creating environment hook '/home/ivan/AdR/p2_ws/src/p2_kf_adr/install/p2_kf_adr/share/p2_kf_adr/hook/pythonpath.ps1'
[1.652s] INFO:colcon.colcon_core.shell:Creating environment descriptor '/home/ivan/AdR/p2_ws/src/p2_kf_adr/install/p2_kf_adr/share/p2_kf_adr/hook/pythonpath.dsv'
[1.653s] INFO:colcon.colcon_core.shell:Creating environment hook '/home/ivan/AdR/p2_ws/src/p2_kf_adr/install/p2_kf_adr/share/p2_kf_adr/hook/pythonpath.sh'
[1.654s] Level 1:colcon.colcon_core.environment:checking '/home/ivan/AdR/p2_ws/src/p2_kf_adr/install/p2_kf_adr/bin'
[1.654s] Level 1:colcon.colcon_core.environment:create_environment_scripts_only(p2_kf_adr)
[1.655s] INFO:colcon.colcon_core.shell:Creating package script '/home/ivan/AdR/p2_ws/src/p2_kf_adr/install/p2_kf_adr/share/p2_kf_adr/package.ps1'
[1.656s] INFO:colcon.colcon_core.shell:Creating package descriptor '/home/ivan/AdR/p2_ws/src/p2_kf_adr/install/p2_kf_adr/share/p2_kf_adr/package.dsv'
[1.656s] INFO:colcon.colcon_core.shell:Creating package script '/home/ivan/AdR/p2_ws/src/p2_kf_adr/install/p2_kf_adr/share/p2_kf_adr/package.sh'
[1.657s] INFO:colcon.colcon_core.shell:Creating package script '/home/ivan/AdR/p2_ws/src/p2_kf_adr/install/p2_kf_adr/share/p2_kf_adr/package.bash'
[1.658s] INFO:colcon.colcon_core.shell:Creating package script '/home/ivan/AdR/p2_ws/src/p2_kf_adr/install/p2_kf_adr/share/p2_kf_adr/package.zsh'
[1.658s] Level 1:colcon.colcon_core.environment:create_file_with_runtime_dependencies(/home/ivan/AdR/p2_ws/src/p2_kf_adr/install/p2_kf_adr/share/colcon-core/packages/p2_kf_adr)
[1.658s] DEBUG:colcon.colcon_parallel_executor.executor.parallel:closing loop
[1.659s] DEBUG:colcon.colcon_parallel_executor.executor.parallel:loop closed
[1.659s] DEBUG:colcon.colcon_parallel_executor.executor.parallel:run_until_complete finished with '0'
[1.659s] DEBUG:colcon.colcon_core.event_reactor:joining thread
[1.665s] INFO:colcon.colcon_core.plugin_system:Skipping extension 'colcon_notification.desktop_notification.terminal_notifier': Not used on non-Darwin systems
[1.665s] INFO:colcon.colcon_core.plugin_system:Skipping extension 'colcon_notification.desktop_notification.win32': Not used on non-Windows systems
[1.665s] INFO:colcon.colcon_notification.desktop_notification:Sending desktop notification using 'notify2'
[1.684s] DEBUG:colcon.colcon_core.event_reactor:joined thread
[1.684s] INFO:colcon.colcon_core.shell:Creating prefix script '/home/ivan/AdR/p2_ws/src/p2_kf_adr/install/local_setup.ps1'
[1.685s] INFO:colcon.colcon_core.shell:Creating prefix util module '/home/ivan/AdR/p2_ws/src/p2_kf_adr/install/_local_setup_util_ps1.py'
[1.686s] INFO:colcon.colcon_core.shell:Creating prefix chain script '/home/ivan/AdR/p2_ws/src/p2_kf_adr/install/setup.ps1'
[1.688s] INFO:colcon.colcon_core.shell:Creating prefix script '/home/ivan/AdR/p2_ws/src/p2_kf_adr/install/local_setup.sh'
[1.689s] INFO:colcon.colcon_core.shell:Creating prefix util module '/home/ivan/AdR/p2_ws/src/p2_kf_adr/install/_local_setup_util_sh.py'
[1.690s] INFO:colcon.colcon_core.shell:Creating prefix chain script '/home/ivan/AdR/p2_ws/src/p2_kf_adr/install/setup.sh'
[1.691s] INFO:colcon.colcon_core.shell:Creating prefix script '/home/ivan/AdR/p2_ws/src/p2_kf_adr/install/local_setup.bash'
[1.692s] INFO:colcon.colcon_core.shell:Creating prefix chain script '/home/ivan/AdR/p2_ws/src/p2_kf_adr/install/setup.bash'
[1.693s] INFO:colcon.colcon_core.shell:Creating prefix script '/home/ivan/AdR/p2_ws/src/p2_kf_adr/install/local_setup.zsh'
[1.694s] INFO:colcon.colcon_core.shell:Creating prefix chain script '/home/ivan/AdR/p2_ws/src/p2_kf_adr/install/setup.zsh'
